Fri Dec 26 20:00:19 2014: say hello
Fri Dec 26 20:00:23 2014: Exiting Omni
Fri Dec 26 20:07:47 2014: Beginning Omni
Fri Dec 26 20:07:50 2014: Exiting Omni
Fri Dec 26 20:14:23 2014: Beginning Omni
Fri Dec 26 20:16:13 2014: Beginning Omni
Fri Dec 26 20:16:40 2014: shutdown()
Fri Dec 26 20:16:42 2014: Exiting Omni
Fri Dec 26 20:17:26 2014: Beginning Omni
Fri Dec 26 20:17:39 2014: [A
Fri Dec 26 20:17:46 2014: Exiting Omni
Fri Dec 26 20:18:23 2014: Beginning Omni
Fri Dec 26 20:18:41 2014: Exiting Omni
Fri Dec 26 20:23:01 2014: Beginning Omni
Fri Dec 26 20:23:17 2014: Exiting Omni
Fri Dec 26 20:24:45 2014: Beginning Omni
Fri Dec 26 20:24:47 2014: Module voiceis  up.
Fri Dec 26 20:24:47 2014: Module termis  up.
Fri Dec 26 20:24:47 2014: Module audiois  up.
Fri Dec 26 20:24:47 2014: Module visionis  down.
Fri Dec 26 20:24:52 2014: Exiting Omni
Fri Dec 26 21:44:45 2014: Beginning Omni
